1558949029932	mozrunner::runner	INFO	Running command: "C:\\Program Files\\Mozilla Firefox\\firefox.exe" "-marionette" "-foreground" "-no-remote" "-profile" "C:\\Users\\nkong009\\AppData\\Local\\Temp\\rust_mozprofile.kyS2Ye71Nbda"
Unable to read VR Path Registry from C:\Users\nkong009\AppData\Local\openvr\openvrpaths.vrpath
Unable to read VR Path Registry from C:\Users\nkong009\AppData\Local\openvr\openvrpaths.vrpath
Unable to read VR Path Registry from C:\Users\nkong009\AppData\Local\openvr\openvrpaths.vrpath
Unable to read VR Path Registry from C:\Users\nkong009\AppData\Local\openvr\openvrpaths.vrpath
1558949035812	Marionette	INFO	Listening on port 9411
1558949036116	Marionette	WARN	TLS certificate errors will be ignored for this session
Unable to read VR Path Registry from C:\Users\nkong009\AppData\Local\openvr\openvrpaths.vrpath
[Parent 139156, Gecko_IOThread] WARNING: pipe error: 109: file z:/build/build/src/ipc/chromium/src/chrome/common/ipc_channel_win.cc, line 332
[Child 146316, Chrome_ChildThread] WARNING: pipe error: 109: file z:/build/build/src/ipc/chromium/src/chrome/common/ipc_channel_win.cc, line 332
[Chi*** UTM:SVC TimerManager:registerTimer called after profile-before-change notification. Ignoring timer registration for id: telemetry_modules_ping

###!!! [Child][MessageChannel::SendAndWait] Error: Channel error: cannot send/recv

1558949056061	mozrunner::runner	INFO	Running command: "C:\\Program Files\\Mozilla Firefox\\firefox.exe" "-marionette" "-foreground" "-no-remote" "-profile" "C:\\Users\\nkong009\\AppData\\Local\\Temp\\rust_mozprofile.O73QW5s9Xw6Y"
Unable to read VR Path Registry from C:\Users\nkong009\AppData\Local\openvr\openvrpaths.vrpath
Unable to read VR Path Registry from C:\Users\nkong009\AppData\Local\openvr\openvrpaths.vrpath
Unable to read VR Path Registry from C:\Users\nkong009\AppData\Local\openvr\openvrpaths.vrpath
Unable to read VR Path Registry from C:\Users\nkong009\AppData\Local\openvr\openvrpaths.vrpath
1558949061192	Marionette	INFO	Listening on port 9477
1558949061623	Marionette	WARN	TLS certificate errors will be ignored for this session
Unable to read VR Path Registry from C:\Users\nkong009\AppData\Local\openvr\openvrpaths.vrpath
[Child 131556, Chrome_ChildThread] WARNING: pipe error: 109: file z:/build/build/src/ipc/chromium/src/chrome/common/ipc_channel_win.cc, line 332
[Chi*** UTM:SVC TimerManager:registerTimer called after profile-before-change notification. Ignoring timer registration for id: telemetry_modules_ping

###!!! [Child][MessageChannel::SendAndWait] Error: Channel error: cannot send/recv

